<?xml version="1.0" encoding="UTF-8"?>
<testsuite xmlns:xsi="http://www.w3.org/2001/XMLSchema-instance" xsi:noNamespaceSchemaLocation="https://maven.apache.org/surefire/maven-surefire-plugin/xsd/surefire-test-report-3.0.xsd" version="3.0" name="idhash.ObjectObfuscatorTest" time="0.851" tests="4" errors="0" skipped="0" failures="1">
  <properties>
[...]
</properties>
  <testcase name="testDecodeResourceIds" classname="idhash.ObjectObfuscatorTest" time="0.8">
    <failure message="expected: java.lang.Long@5ddcc487&lt;123&gt; but was: java.lang.String@16eccb2e&lt;123&gt;" type="org.opentest4j.AssertionFailedError"><![CDATA[org.opentest4j.AssertionFailedError: expected: java.lang.Long@5ddcc487<123> but was: java.lang.String@16eccb2e<123>
	at org.junit.jupiter.api.AssertionFailureBuilder.build(AssertionFailureBuilder.java:151)
	at org.junit.jupiter.api.AssertionFailureBuilder.buildAndThrow(AssertionFailureBuilder.java:132)
	at org.junit.jupiter.api.AssertEquals.failNotEqual(AssertEquals.java:197)
	at org.junit.jupiter.api.AssertEquals.assertEquals(AssertEquals.java:182)
	at org.junit.jupiter.api.AssertEquals.assertEquals(AssertEquals.java:177)
	at org.junit.jupiter.api.Assertions.assertEquals(Assertions.java:1145)
	at idhash.ObjectObfuscatorTest.testDecodeResourceIds(ObjectObfuscatorTest.java:57)
	at java.lang.reflect.Method.invoke(Method.java:498)
	at java.util.ArrayList.forEach(ArrayList.java:1259)
	at java.util.ArrayList.forEach(ArrayList.java:1259)
]]></failure>
  </testcase>
  <testcase name="testEncodeResourceIds" classname="idhash.ObjectObfuscatorTest" time="0.007"/>
  <testcase name="testDecode" classname="idhash.ObjectObfuscatorTest" time="0.007"/>
  <testcase name="testEncode" classname="idhash.ObjectObfuscatorTest" time="0.001"/>
</testsuite>